Using pre-set license
Built from '2020.3/staging' branch; Version is '2020.3.11f1 (99c7afb366b3) revision 10078127'; Using compiler version '192528614'; Build Type 'Release'
OS: 'Windows 10 Home; OS build 19043.1165; Version 2009; 64bit' Language: 'en' Physical Memory: 32635 MB
BatchMode: 1, IsHumanControllingUs: 0, StartBugReporterOnCrash: 0, Is64bit: 1, IsPro: 0

 COMMAND LINE ARGUMENTS:
D:\programs\unity\2020.3.11f1\Editor\Unity.exe
-adb2
-batchMode
-noUpm
-name
AssetImportWorker0
-projectPath
D:/projects/unityProjects/3D projects/ANN
-logFile
Logs/AssetImportWorker0.log
-srvPort
50207
Successfully changed project path to: D:/projects/unityProjects/3D projects/ANN
D:/projects/unityProjects/3D projects/ANN
Using Asset Import Pipeline V2.
Refreshing native plugins compatible for Editor in 23.23 ms, found 2 plugins.
Preloading 0 native plugins for Editor in 0.00 ms.
Initialize engine version: 2020.3.11f1 (99c7afb366b3)
[Subsystems] Discovering subsystems at path D:/programs/unity/2020.3.11f1/Editor/Data/Resources/UnitySubsystems
[Subsystems] Discovering subsystems at path D:/projects/unityProjects/3D projects/ANN/Assets
GfxDevice: creating device client; threaded=0
Direct3D:
    Version:  Direct3D 11.0 [level 11.1]
    Renderer: NVIDIA GeForce GTX 1650 Ti (ID=0x1f95)
    Vendor:   
    VRAM:     3962 MB
    Driver:   27.21.14.6611
Initialize mono
Mono path[0] = 'D:/programs/unity/2020.3.11f1/Editor/Data/Managed'
Mono path[1] = 'D:/programs/unity/2020.3.11f1/Editor/Data/MonoBleedingEdge/lib/mono/unityjit'
Mono config path = 'D:/programs/unity/2020.3.11f1/Editor/Data/MonoBleedingEdge/etc'
Using monoOptions --debugger-agent=transport=dt_socket,embedding=1,server=y,suspend=n,address=127.0.0.1:56360
Begin MonoManager ReloadAssembly
Registering precompiled unity dll's ...
Register platform support module: D:/programs/unity/2020.3.11f1/Editor/Data/PlaybackEngines/WebGLSupport/UnityEditor.WebGL.Extensions.dll
Register platform support module: D:/programs/unity/2020.3.11f1/Editor/Data/PlaybackEngines/WindowsStandaloneSupport/UnityEditor.WindowsStandalone.Extensions.dll
Register platform support module: D:/programs/unity/2020.3.11f1/Editor/Data/PlaybackEngines/LuminSupport/UnityEditor.Lumin.Extensions.dll
Registered in 0.001249 seconds.
Native extension for Lumin target not found
Native extension for WindowsStandalone target not found
Native extension for WebGL target not found
Refreshing native plugins compatible for Editor in 20.76 ms, found 2 plugins.
Preloading 0 native plugins for Editor in 0.00 ms.
Mono: successfully reloaded assembly
- Completed reload, in  1.134 seconds
Platform modules already initialized, skipping
Registering precompiled user dll's ...
Registered in 0.001843 seconds.
Begin MonoManager ReloadAssembly
Native extension for Lumin target not found
Native extension for WindowsStandalone target not found
Native extension for WebGL target not found
Refreshing native plugins compatible for Editor in 0.33 ms, found 2 plugins.
Preloading 0 native plugins for Editor in 0.00 ms.
Mono: successfully reloaded assembly
- Completed reload, in  0.808 seconds
Platform modules already initialized, skipping
========================================================================
Worker process is ready to serve import requests
Launched and connected shader compiler UnityShaderCompiler.exe after 0.04 seconds
Refreshing native plugins compatible for Editor in 0.26 ms, found 2 plugins.
Preloading 0 native plugins for Editor in 0.00 ms.
Unloading 1386 Unused Serialized files (Serialized files now loaded: 0)
System memory in use before: 64.7 MB.
System memory in use after: 64.7 MB.

Unloading 19 unused Assets to reduce memory usage. Loaded Objects now: 1819.
Total: 1.555600 ms (FindLiveObjects: 0.133000 ms CreateObjectMapping: 0.045000 ms MarkObjects: 1.317100 ms  DeleteObjects: 0.059800 ms)

========================================================================
Received Import Request.
  path: Assets
  artifactKey: Guid(00000000000000001000000000000000) Importer(815301076,1909f56bfc062723c751e8b465ee728b)
Start importing Assets using Guid(00000000000000001000000000000000) Importer(815301076,1909f56bfc062723c751e8b465ee728b)  -> (artifact id: '42d402b061de3733987d63b9cc3b64de') in 0.006400 seconds
  Import took 0.008176 seconds .

========================================================================
Received Import Request.
  Time since last request: 11.064022 seconds.
  path: Assets/Neuron.cs
  artifactKey: Guid(d21357b201295d6489220a6a1308b328) Importer(815301076,1909f56bfc062723c751e8b465ee728b)
Start importing Assets/Neuron.cs using Guid(d21357b201295d6489220a6a1308b328) Importer(815301076,1909f56bfc062723c751e8b465ee728b)  -> (artifact id: '7c52d1a66d9e1a2f24ba9e956e6169df') in 0.024931 seconds
  Import took 0.026952 seconds .

========================================================================
Received Import Request.
  Time since last request: 0.091922 seconds.
  path: Assets/Neuron.cs
  artifactKey: Guid(d21357b201295d6489220a6a1308b328) Importer(815301076,1909f56bfc062723c751e8b465ee728b)
Start importing Assets/Neuron.cs using Guid(d21357b201295d6489220a6a1308b328) Importer(815301076,1909f56bfc062723c751e8b465ee728b)  -> (artifact id: '7c52d1a66d9e1a2f24ba9e956e6169df') in 0.001243 seconds
  Import took 0.003204 seconds .

========================================================================
Received Prepare
Registering precompiled user dll's ...
Registered in 0.001873 seconds.
Begin MonoManager ReloadAssembly
Native extension for Lumin target not found
Native extension for WindowsStandalone target not found
Native extension for WebGL target not found
Refreshing native plugins compatible for Editor in 0.28 ms, found 2 plugins.
Preloading 0 native plugins for Editor in 0.00 ms.
Mono: successfully reloaded assembly
- Completed reload, in  0.774 seconds
Platform modules already initialized, skipping
Refreshing native plugins compatible for Editor in 0.25 ms, found 2 plugins.
Preloading 0 native plugins for Editor in 0.00 ms.
Unloading 1382 Unused Serialized files (Serialized files now loaded: 0)
System memory in use before: 64.6 MB.
System memory in use after: 64.7 MB.

Unloading 14 unused Assets to reduce memory usage. Loaded Objects now: 1823.
Total: 1.622200 ms (FindLiveObjects: 0.136900 ms CreateObjectMapping: 0.064600 ms MarkObjects: 1.344100 ms  DeleteObjects: 0.075600 ms)

========================================================================
Received Prepare
Registering precompiled user dll's ...
Registered in 0.001888 seconds.
Begin MonoManager ReloadAssembly
Native extension for Lumin target not found
Native extension for WindowsStandalone target not found
Native extension for WebGL target not found
Refreshing native plugins compatible for Editor in 0.27 ms, found 2 plugins.
Preloading 0 native plugins for Editor in 0.00 ms.
Mono: successfully reloaded assembly
- Completed reload, in  0.780 seconds
Platform modules already initialized, skipping
Refreshing native plugins compatible for Editor in 0.26 ms, found 2 plugins.
Preloading 0 native plugins for Editor in 0.00 ms.
Unloading 1382 Unused Serialized files (Serialized files now loaded: 0)
System memory in use before: 64.7 MB.
System memory in use after: 64.7 MB.

Unloading 14 unused Assets to reduce memory usage. Loaded Objects now: 1826.
Total: 1.655200 ms (FindLiveObjects: 0.120500 ms CreateObjectMapping: 0.036500 ms MarkObjects: 1.421100 ms  DeleteObjects: 0.076400 ms)

========================================================================
Received Import Request.
  Time since last request: 381.098413 seconds.
  path: Assets/Neuron.cs
  artifactKey: Guid(d21357b201295d6489220a6a1308b328) Importer(815301076,1909f56bfc062723c751e8b465ee728b)
Start importing Assets/Neuron.cs using Guid(d21357b201295d6489220a6a1308b328) Importer(815301076,1909f56bfc062723c751e8b465ee728b)  -> (artifact id: '3141fd19192288c311eea5803b07e88c') in 0.003265 seconds
  Import took 0.004917 seconds .

========================================================================
Received Import Request.
  Time since last request: 22.248420 seconds.
  path: Assets/Layer.cs
  artifactKey: Guid(f8c478df577214e4095019c4f4089590) Importer(815301076,1909f56bfc062723c751e8b465ee728b)
Start importing Assets/Layer.cs using Guid(f8c478df577214e4095019c4f4089590) Importer(815301076,1909f56bfc062723c751e8b465ee728b)  -> (artifact id: 'efd11821b5f418217aae4058acbf645a') in 0.004669 seconds
  Import took 0.007293 seconds .

========================================================================
Received Prepare
Registering precompiled user dll's ...
Registered in 0.001973 seconds.
Begin MonoManager ReloadAssembly
Native extension for Lumin target not found
Native extension for WindowsStandalone target not found
Native extension for WebGL target not found
Refreshing native plugins compatible for Editor in 0.28 ms, found 2 plugins.
Preloading 0 native plugins for Editor in 0.00 ms.
Mono: successfully reloaded assembly
- Completed reload, in  0.810 seconds
Platform modules already initialized, skipping
Refreshing native plugins compatible for Editor in 0.26 ms, found 2 plugins.
Preloading 0 native plugins for Editor in 0.00 ms.
Unloading 1383 Unused Serialized files (Serialized files now loaded: 0)
System memory in use before: 64.7 MB.
System memory in use after: 64.8 MB.

Unloading 14 unused Assets to reduce memory usage. Loaded Objects now: 1830.
Total: 1.725200 ms (FindLiveObjects: 0.154400 ms CreateObjectMapping: 0.040800 ms MarkObjects: 1.488900 ms  DeleteObjects: 0.040500 ms)

========================================================================
Received Prepare
Registering precompiled user dll's ...
Registered in 0.001889 seconds.
Begin MonoManager ReloadAssembly
Native extension for Lumin target not found
Native extension for WindowsStandalone target not found
Native extension for WebGL target not found
Refreshing native plugins compatible for Editor in 0.29 ms, found 2 plugins.
Preloading 0 native plugins for Editor in 0.00 ms.
Mono: successfully reloaded assembly
- Completed reload, in  0.802 seconds
Platform modules already initialized, skipping
Refreshing native plugins compatible for Editor in 0.27 ms, found 2 plugins.
Preloading 0 native plugins for Editor in 0.00 ms.
Unloading 1383 Unused Serialized files (Serialized files now loaded: 0)
System memory in use before: 64.7 MB.
System memory in use after: 64.8 MB.

Unloading 14 unused Assets to reduce memory usage. Loaded Objects now: 1833.
Total: 1.582700 ms (FindLiveObjects: 0.130600 ms CreateObjectMapping: 0.041700 ms MarkObjects: 1.335400 ms  DeleteObjects: 0.074100 ms)

========================================================================
Received Import Request.
  Time since last request: 237.087984 seconds.
  path: Assets/Layer.cs
  artifactKey: Guid(f8c478df577214e4095019c4f4089590) Importer(815301076,1909f56bfc062723c751e8b465ee728b)
Start importing Assets/Layer.cs using Guid(f8c478df577214e4095019c4f4089590) Importer(815301076,1909f56bfc062723c751e8b465ee728b)  -> (artifact id: 'ac1ca2de6054b8824cf0c604ed643685') in 0.003021 seconds
  Import took 0.004834 seconds .

========================================================================
Received Import Request.
  Time since last request: 35.705506 seconds.
  path: Assets/ANN.cs
  artifactKey: Guid(4ad46a99689cd0844a9160b1f90f1e67) Importer(815301076,1909f56bfc062723c751e8b465ee728b)
Start importing Assets/ANN.cs using Guid(4ad46a99689cd0844a9160b1f90f1e67) Importer(815301076,1909f56bfc062723c751e8b465ee728b)  -> (artifact id: '2eee85f72320dc12c8358076a378cb4d') in 0.005716 seconds
  Import took 0.008307 seconds .

========================================================================
Received Prepare
Registering precompiled user dll's ...
Registered in 0.001839 seconds.
Begin MonoManager ReloadAssembly
Native extension for Lumin target not found
Native extension for WindowsStandalone target not found
Native extension for WebGL target not found
Refreshing native plugins compatible for Editor in 0.29 ms, found 2 plugins.
Preloading 0 native plugins for Editor in 0.00 ms.
Mono: successfully reloaded assembly
- Completed reload, in  0.799 seconds
Platform modules already initialized, skipping
Refreshing native plugins compatible for Editor in 0.58 ms, found 2 plugins.
Preloading 0 native plugins for Editor in 0.00 ms.
Unloading 1384 Unused Serialized files (Serialized files now loaded: 0)
System memory in use before: 64.7 MB.
System memory in use after: 64.8 MB.

Unloading 14 unused Assets to reduce memory usage. Loaded Objects now: 1837.
Total: 3.230600 ms (FindLiveObjects: 0.217000 ms CreateObjectMapping: 0.074200 ms MarkObjects: 2.877800 ms  DeleteObjects: 0.060000 ms)

========================================================================
Received Prepare
Registering precompiled user dll's ...
Registered in 0.119464 seconds.
Begin MonoManager ReloadAssembly
Native extension for Lumin target not found
Native extension for WindowsStandalone target not found
Native extension for WebGL target not found
Refreshing native plugins compatible for Editor in 0.27 ms, found 2 plugins.
Preloading 0 native plugins for Editor in 0.00 ms.
Mono: successfully reloaded assembly
- Completed reload, in  0.828 seconds
Platform modules already initialized, skipping
Refreshing native plugins compatible for Editor in 0.30 ms, found 2 plugins.
Preloading 0 native plugins for Editor in 0.00 ms.
Unloading 1384 Unused Serialized files (Serialized files now loaded: 0)
System memory in use before: 64.7 MB.
System memory in use after: 64.8 MB.

Unloading 14 unused Assets to reduce memory usage. Loaded Objects now: 1840.
Total: 1.718500 ms (FindLiveObjects: 0.127700 ms CreateObjectMapping: 0.034100 ms MarkObjects: 1.474700 ms  DeleteObjects: 0.081400 ms)

========================================================================
Received Import Request.
  Time since last request: 2299.821193 seconds.
  path: Assets/ANN.cs
  artifactKey: Guid(4ad46a99689cd0844a9160b1f90f1e67) Importer(815301076,1909f56bfc062723c751e8b465ee728b)
Start importing Assets/ANN.cs using Guid(4ad46a99689cd0844a9160b1f90f1e67) Importer(815301076,1909f56bfc062723c751e8b465ee728b)  -> (artifact id: '90e9a7f7daf4456d2e2779dc95499755') in 0.010249 seconds
  Import took 0.012015 seconds .

========================================================================
Received Import Request.
  Time since last request: 518.694960 seconds.
  path: Assets/Brain.cs
  artifactKey: Guid(d28b4e5255e1231439981e5eb2d74fb9) Importer(815301076,1909f56bfc062723c751e8b465ee728b)
Start importing Assets/Brain.cs using Guid(d28b4e5255e1231439981e5eb2d74fb9) Importer(815301076,1909f56bfc062723c751e8b465ee728b)  -> (artifact id: 'c5a7a55fdc04c20f2e1a4e1d18a271b5') in 0.007394 seconds
  Import took 0.010654 seconds .

========================================================================
Received Prepare
Registering precompiled user dll's ...
Registered in 0.001986 seconds.
Begin MonoManager ReloadAssembly
Native extension for Lumin target not found
Native extension for WindowsStandalone target not found
Native extension for WebGL target not found
Refreshing native plugins compatible for Editor in 0.50 ms, found 2 plugins.
Preloading 0 native plugins for Editor in 0.00 ms.
Mono: successfully reloaded assembly
- Completed reload, in  0.775 seconds
Platform modules already initialized, skipping
Refreshing native plugins compatible for Editor in 0.28 ms, found 2 plugins.
Preloading 0 native plugins for Editor in 0.00 ms.
Unloading 1385 Unused Serialized files (Serialized files now loaded: 0)
System memory in use before: 64.8 MB.
System memory in use after: 64.8 MB.

Unloading 14 unused Assets to reduce memory usage. Loaded Objects now: 1844.
Total: 1.825400 ms (FindLiveObjects: 0.146100 ms CreateObjectMapping: 0.044700 ms MarkObjects: 1.591600 ms  DeleteObjects: 0.042100 ms)

========================================================================
Received Prepare
Registering precompiled user dll's ...
Registered in 0.002284 seconds.
Begin MonoManager ReloadAssembly
Native extension for Lumin target not found
Native extension for WindowsStandalone target not found
Native extension for WebGL target not found
Refreshing native plugins compatible for Editor in 0.27 ms, found 2 plugins.
Preloading 0 native plugins for Editor in 0.00 ms.
Mono: successfully reloaded assembly
- Completed reload, in  0.757 seconds
Platform modules already initialized, skipping
Refreshing native plugins compatible for Editor in 0.30 ms, found 2 plugins.
Preloading 0 native plugins for Editor in 0.00 ms.
Unloading 1385 Unused Serialized files (Serialized files now loaded: 0)
System memory in use before: 64.8 MB.
System memory in use after: 64.8 MB.

Unloading 14 unused Assets to reduce memory usage. Loaded Objects now: 1847.
Total: 1.594300 ms (FindLiveObjects: 0.145600 ms CreateObjectMapping: 0.038500 ms MarkObjects: 1.366100 ms  DeleteObjects: 0.043200 ms)

========================================================================
Received Import Request.
  Time since last request: 694.986015 seconds.
  path: Assets/Brain.cs
  artifactKey: Guid(d28b4e5255e1231439981e5eb2d74fb9) Importer(815301076,1909f56bfc062723c751e8b465ee728b)
Start importing Assets/Brain.cs using Guid(d28b4e5255e1231439981e5eb2d74fb9) Importer(815301076,1909f56bfc062723c751e8b465ee728b)  -> (artifact id: '4a1026108be7ac957bcfeac2dc4caad5') in 0.003623 seconds
  Import took 0.005732 seconds .

========================================================================
Received Prepare
Registering precompiled user dll's ...
Registered in 0.002106 seconds.
Begin MonoManager ReloadAssembly
Native extension for Lumin target not found
Native extension for WindowsStandalone target not found
Native extension for WebGL target not found
Refreshing native plugins compatible for Editor in 0.31 ms, found 2 plugins.
Preloading 0 native plugins for Editor in 0.00 ms.
Mono: successfully reloaded assembly
- Completed reload, in  0.759 seconds
Platform modules already initialized, skipping
Refreshing native plugins compatible for Editor in 0.29 ms, found 2 plugins.
Preloading 0 native plugins for Editor in 0.00 ms.
Unloading 1385 Unused Serialized files (Serialized files now loaded: 0)
System memory in use before: 64.8 MB.
System memory in use after: 64.9 MB.

Unloading 14 unused Assets to reduce memory usage. Loaded Objects now: 1850.
Total: 1.556500 ms (FindLiveObjects: 0.134900 ms CreateObjectMapping: 0.047800 ms MarkObjects: 1.331500 ms  DeleteObjects: 0.041500 ms)

========================================================================
Received Prepare
Registering precompiled user dll's ...
Registered in 0.001858 seconds.
Begin MonoManager ReloadAssembly
Native extension for Lumin target not found
Native extension for WindowsStandalone target not found
Native extension for WebGL target not found
Refreshing native plugins compatible for Editor in 0.27 ms, found 2 plugins.
Preloading 0 native plugins for Editor in 0.00 ms.
Mono: successfully reloaded assembly
- Completed reload, in  0.753 seconds
Platform modules already initialized, skipping
Refreshing native plugins compatible for Editor in 0.27 ms, found 2 plugins.
Preloading 0 native plugins for Editor in 0.00 ms.
Unloading 1385 Unused Serialized files (Serialized files now loaded: 0)
System memory in use before: 64.8 MB.
System memory in use after: 64.9 MB.

Unloading 14 unused Assets to reduce memory usage. Loaded Objects now: 1853.
Total: 1.600400 ms (FindLiveObjects: 0.127500 ms CreateObjectMapping: 0.037600 ms MarkObjects: 1.366000 ms  DeleteObjects: 0.068400 ms)

========================================================================
Received Prepare
Registering precompiled user dll's ...
Registered in 0.002763 seconds.
Begin MonoManager ReloadAssembly
Native extension for Lumin target not found
Native extension for WindowsStandalone target not found
Native extension for WebGL target not found
Refreshing native plugins compatible for Editor in 0.29 ms, found 2 plugins.
Preloading 0 native plugins for Editor in 0.00 ms.
Mono: successfully reloaded assembly
- Completed reload, in  0.803 seconds
Platform modules already initialized, skipping
Refreshing native plugins compatible for Editor in 0.26 ms, found 2 plugins.
Preloading 0 native plugins for Editor in 0.00 ms.
Unloading 1385 Unused Serialized files (Serialized files now loaded: 0)
System memory in use before: 64.8 MB.
System memory in use after: 64.9 MB.

Unloading 14 unused Assets to reduce memory usage. Loaded Objects now: 1856.
Total: 1.547600 ms (FindLiveObjects: 0.121200 ms CreateObjectMapping: 0.039100 ms MarkObjects: 1.334000 ms  DeleteObjects: 0.052500 ms)

========================================================================
Received Prepare
Registering precompiled user dll's ...
Registered in 0.001897 seconds.
Begin MonoManager ReloadAssembly
Native extension for Lumin target not found
Native extension for WindowsStandalone target not found
Native extension for WebGL target not found
Refreshing native plugins compatible for Editor in 0.27 ms, found 2 plugins.
Preloading 0 native plugins for Editor in 0.00 ms.
Mono: successfully reloaded assembly
- Completed reload, in  0.737 seconds
Platform modules already initialized, skipping
Refreshing native plugins compatible for Editor in 0.25 ms, found 2 plugins.
Preloading 0 native plugins for Editor in 0.00 ms.
Unloading 1385 Unused Serialized files (Serialized files now loaded: 0)
System memory in use before: 64.8 MB.
System memory in use after: 64.9 MB.

Unloading 14 unused Assets to reduce memory usage. Loaded Objects now: 1859.
Total: 1.512800 ms (FindLiveObjects: 0.127300 ms CreateObjectMapping: 0.044300 ms MarkObjects: 1.304600 ms  DeleteObjects: 0.035800 ms)

========================================================================
Received Prepare
Registering precompiled user dll's ...
Registered in 0.001879 seconds.
Begin MonoManager ReloadAssembly
Native extension for Lumin target not found
Native extension for WindowsStandalone target not found
Native extension for WebGL target not found
Refreshing native plugins compatible for Editor in 0.26 ms, found 2 plugins.
Preloading 0 native plugins for Editor in 0.00 ms.
Mono: successfully reloaded assembly
- Completed reload, in  0.753 seconds
Platform modules already initialized, skipping
Refreshing native plugins compatible for Editor in 0.29 ms, found 2 plugins.
Preloading 0 native plugins for Editor in 0.00 ms.
Unloading 1385 Unused Serialized files (Serialized files now loaded: 0)
System memory in use before: 64.8 MB.
System memory in use after: 64.9 MB.

Unloading 14 unused Assets to reduce memory usage. Loaded Objects now: 1862.
Total: 1.961300 ms (FindLiveObjects: 0.205100 ms CreateObjectMapping: 0.060100 ms MarkObjects: 1.600900 ms  DeleteObjects: 0.094300 ms)

========================================================================
Received Prepare
Registering precompiled user dll's ...
Registered in 0.001903 seconds.
Begin MonoManager ReloadAssembly
Native extension for Lumin target not found
Native extension for WindowsStandalone target not found
Native extension for WebGL target not found
Refreshing native plugins compatible for Editor in 0.27 ms, found 2 plugins.
Preloading 0 native plugins for Editor in 0.00 ms.
Mono: successfully reloaded assembly
- Completed reload, in  0.746 seconds
Platform modules already initialized, skipping
Refreshing native plugins compatible for Editor in 0.28 ms, found 2 plugins.
Preloading 0 native plugins for Editor in 0.00 ms.
Unloading 1385 Unused Serialized files (Serialized files now loaded: 0)
System memory in use before: 64.8 MB.
System memory in use after: 64.9 MB.

Unloading 14 unused Assets to reduce memory usage. Loaded Objects now: 1865.
Total: 1.671000 ms (FindLiveObjects: 0.129000 ms CreateObjectMapping: 0.038400 ms MarkObjects: 1.464200 ms  DeleteObjects: 0.038100 ms)

========================================================================
Received Prepare
Registering precompiled user dll's ...
Registered in 0.001850 seconds.
Begin MonoManager ReloadAssembly
Native extension for Lumin target not found
Native extension for WindowsStandalone target not found
Native extension for WebGL target not found
Refreshing native plugins compatible for Editor in 0.29 ms, found 2 plugins.
Preloading 0 native plugins for Editor in 0.00 ms.
Mono: successfully reloaded assembly
- Completed reload, in  0.768 seconds
Platform modules already initialized, skipping
Refreshing native plugins compatible for Editor in 0.27 ms, found 2 plugins.
Preloading 0 native plugins for Editor in 0.00 ms.
Unloading 1385 Unused Serialized files (Serialized files now loaded: 0)
System memory in use before: 64.8 MB.
System memory in use after: 64.9 MB.

Unloading 14 unused Assets to reduce memory usage. Loaded Objects now: 1868.
Total: 1.709300 ms (FindLiveObjects: 0.173300 ms CreateObjectMapping: 0.051800 ms MarkObjects: 1.439600 ms  DeleteObjects: 0.043700 ms)

========================================================================
Received Prepare
Registering precompiled user dll's ...
Registered in 0.001842 seconds.
Begin MonoManager ReloadAssembly
Native extension for Lumin target not found
Native extension for WindowsStandalone target not found
Native extension for WebGL target not found
Refreshing native plugins compatible for Editor in 0.26 ms, found 2 plugins.
Preloading 0 native plugins for Editor in 0.00 ms.
Mono: successfully reloaded assembly
- Completed reload, in  0.768 seconds
Platform modules already initialized, skipping
Refreshing native plugins compatible for Editor in 0.26 ms, found 2 plugins.
Preloading 0 native plugins for Editor in 0.00 ms.
Unloading 1385 Unused Serialized files (Serialized files now loaded: 0)
System memory in use before: 64.8 MB.
System memory in use after: 64.9 MB.

Unloading 14 unused Assets to reduce memory usage. Loaded Objects now: 1871.
Total: 1.661800 ms (FindLiveObjects: 0.140300 ms CreateObjectMapping: 0.038700 ms MarkObjects: 1.442600 ms  DeleteObjects: 0.039500 ms)

========================================================================
Received Prepare
Registering precompiled user dll's ...
Registered in 0.001938 seconds.
Begin MonoManager ReloadAssembly
Native extension for Lumin target not found
Native extension for WindowsStandalone target not found
Native extension for WebGL target not found
Refreshing native plugins compatible for Editor in 0.27 ms, found 2 plugins.
Preloading 0 native plugins for Editor in 0.00 ms.
Mono: successfully reloaded assembly
- Completed reload, in  0.771 seconds
Platform modules already initialized, skipping
Refreshing native plugins compatible for Editor in 0.27 ms, found 2 plugins.
Preloading 0 native plugins for Editor in 0.00 ms.
Unloading 1385 Unused Serialized files (Serialized files now loaded: 0)
System memory in use before: 64.8 MB.
System memory in use after: 64.9 MB.

Unloading 14 unused Assets to reduce memory usage. Loaded Objects now: 1874.
Total: 1.645400 ms (FindLiveObjects: 0.129100 ms CreateObjectMapping: 0.044900 ms MarkObjects: 1.428200 ms  DeleteObjects: 0.042400 ms)

========================================================================
Received Prepare
Registering precompiled user dll's ...
Registered in 0.002888 seconds.
Begin MonoManager ReloadAssembly
Native extension for Lumin target not found
Native extension for WindowsStandalone target not found
Native extension for WebGL target not found
Refreshing native plugins compatible for Editor in 0.35 ms, found 2 plugins.
Preloading 0 native plugins for Editor in 0.00 ms.
Mono: successfully reloaded assembly
- Completed reload, in  0.790 seconds
Platform modules already initialized, skipping
Refreshing native plugins compatible for Editor in 0.26 ms, found 2 plugins.
Preloading 0 native plugins for Editor in 0.00 ms.
Unloading 1385 Unused Serialized files (Serialized files now loaded: 0)
System memory in use before: 64.8 MB.
System memory in use after: 64.9 MB.

Unloading 14 unused Assets to reduce memory usage. Loaded Objects now: 1877.
Total: 1.552400 ms (FindLiveObjects: 0.127600 ms CreateObjectMapping: 0.040900 ms MarkObjects: 1.289900 ms  DeleteObjects: 0.093500 ms)

========================================================================
Received Prepare
Registering precompiled user dll's ...
Registered in 0.001967 seconds.
Begin MonoManager ReloadAssembly
Native extension for Lumin target not found
Native extension for WindowsStandalone target not found
Native extension for WebGL target not found
Refreshing native plugins compatible for Editor in 0.27 ms, found 2 plugins.
Preloading 0 native plugins for Editor in 0.00 ms.
Mono: successfully reloaded assembly
- Completed reload, in  0.773 seconds
Platform modules already initialized, skipping
Refreshing native plugins compatible for Editor in 0.42 ms, found 2 plugins.
Preloading 0 native plugins for Editor in 0.00 ms.
Unloading 1385 Unused Serialized files (Serialized files now loaded: 0)
System memory in use before: 64.8 MB.
System memory in use after: 64.9 MB.

Unloading 14 unused Assets to reduce memory usage. Loaded Objects now: 1880.
Total: 1.731500 ms (FindLiveObjects: 0.170900 ms CreateObjectMapping: 0.062400 ms MarkObjects: 1.447700 ms  DeleteObjects: 0.049800 ms)

========================================================================
Received Prepare
Registering precompiled user dll's ...
Registered in 0.003333 seconds.
Begin MonoManager ReloadAssembly
Native extension for Lumin target not found
Native extension for WindowsStandalone target not found
Native extension for WebGL target not found
Refreshing native plugins compatible for Editor in 0.34 ms, found 2 plugins.
Preloading 0 native plugins for Editor in 0.00 ms.
Mono: successfully reloaded assembly
- Completed reload, in  0.963 seconds
Platform modules already initialized, skipping
Refreshing native plugins compatible for Editor in 0.30 ms, found 2 plugins.
Preloading 0 native plugins for Editor in 0.00 ms.
Unloading 1385 Unused Serialized files (Serialized files now loaded: 0)
System memory in use before: 64.8 MB.
System memory in use after: 64.9 MB.

Unloading 14 unused Assets to reduce memory usage. Loaded Objects now: 1883.
Total: 1.782900 ms (FindLiveObjects: 0.159800 ms CreateObjectMapping: 0.052700 ms MarkObjects: 1.524400 ms  DeleteObjects: 0.045000 ms)

========================================================================
Received Prepare
Registering precompiled user dll's ...
Registered in 0.001948 seconds.
Begin MonoManager ReloadAssembly
Native extension for Lumin target not found
Native extension for WindowsStandalone target not found
Native extension for WebGL target not found
Refreshing native plugins compatible for Editor in 0.27 ms, found 2 plugins.
Preloading 0 native plugins for Editor in 0.00 ms.
Mono: successfully reloaded assembly
- Completed reload, in  0.772 seconds
Platform modules already initialized, skipping
Refreshing native plugins compatible for Editor in 0.27 ms, found 2 plugins.
Preloading 0 native plugins for Editor in 0.00 ms.
Unloading 1385 Unused Serialized files (Serialized files now loaded: 0)
System memory in use before: 64.8 MB.
System memory in use after: 64.9 MB.

Unloading 14 unused Assets to reduce memory usage. Loaded Objects now: 1886.
Total: 1.605600 ms (FindLiveObjects: 0.152900 ms CreateObjectMapping: 0.048400 ms MarkObjects: 1.360600 ms  DeleteObjects: 0.042700 ms)

========================================================================
Received Prepare
Registering precompiled user dll's ...
Registered in 0.001881 seconds.
Begin MonoManager ReloadAssembly
Native extension for Lumin target not found
Native extension for WindowsStandalone target not found
Native extension for WebGL target not found
Refreshing native plugins compatible for Editor in 0.29 ms, found 2 plugins.
Preloading 0 native plugins for Editor in 0.00 ms.
Mono: successfully reloaded assembly
- Completed reload, in  0.759 seconds
Platform modules already initialized, skipping
Refreshing native plugins compatible for Editor in 0.28 ms, found 2 plugins.
Preloading 0 native plugins for Editor in 0.00 ms.
Unloading 1385 Unused Serialized files (Serialized files now loaded: 0)
System memory in use before: 64.8 MB.
System memory in use after: 64.9 MB.

Unloading 14 unused Assets to reduce memory usage. Loaded Objects now: 1889.
Total: 1.679900 ms (FindLiveObjects: 0.143400 ms CreateObjectMapping: 0.040300 ms MarkObjects: 1.419000 ms  DeleteObjects: 0.076500 ms)

========================================================================
Received Prepare
Registering precompiled user dll's ...
Registered in 0.001844 seconds.
Begin MonoManager ReloadAssembly
Native extension for Lumin target not found
Native extension for WindowsStandalone target not found
Native extension for WebGL target not found
Refreshing native plugins compatible for Editor in 0.28 ms, found 2 plugins.
Preloading 0 native plugins for Editor in 0.00 ms.
Mono: successfully reloaded assembly
- Completed reload, in  0.779 seconds
Platform modules already initialized, skipping
Refreshing native plugins compatible for Editor in 0.31 ms, found 2 plugins.
Preloading 0 native plugins for Editor in 0.00 ms.
Unloading 1385 Unused Serialized files (Serialized files now loaded: 0)
System memory in use before: 64.9 MB.
System memory in use after: 64.9 MB.

Unloading 14 unused Assets to reduce memory usage. Loaded Objects now: 1892.
Total: 1.567900 ms (FindLiveObjects: 0.136200 ms CreateObjectMapping: 0.041700 ms MarkObjects: 1.347600 ms  DeleteObjects: 0.041400 ms)

========================================================================
Received Prepare
Registering precompiled user dll's ...
Registered in 0.001870 seconds.
Begin MonoManager ReloadAssembly
Native extension for Lumin target not found
Native extension for WindowsStandalone target not found
Native extension for WebGL target not found
Refreshing native plugins compatible for Editor in 0.27 ms, found 2 plugins.
Preloading 0 native plugins for Editor in 0.00 ms.
Mono: successfully reloaded assembly
- Completed reload, in  0.801 seconds
Platform modules already initialized, skipping
Refreshing native plugins compatible for Editor in 0.27 ms, found 2 plugins.
Preloading 0 native plugins for Editor in 0.00 ms.
Unloading 1385 Unused Serialized files (Serialized files now loaded: 0)
System memory in use before: 64.9 MB.
System memory in use after: 64.9 MB.

Unloading 14 unused Assets to reduce memory usage. Loaded Objects now: 1895.
Total: 1.550700 ms (FindLiveObjects: 0.132600 ms CreateObjectMapping: 0.040600 ms MarkObjects: 1.336000 ms  DeleteObjects: 0.040700 ms)

========================================================================
Received Prepare
Registering precompiled user dll's ...
Registered in 0.002008 seconds.
Begin MonoManager ReloadAssembly
Native extension for Lumin target not found
Native extension for WindowsStandalone target not found
Native extension for WebGL target not found
Refreshing native plugins compatible for Editor in 0.26 ms, found 2 plugins.
Preloading 0 native plugins for Editor in 0.00 ms.
Mono: successfully reloaded assembly
- Completed reload, in  0.738 seconds
Platform modules already initialized, skipping
Refreshing native plugins compatible for Editor in 0.25 ms, found 2 plugins.
Preloading 0 native plugins for Editor in 0.00 ms.
Unloading 1385 Unused Serialized files (Serialized files now loaded: 0)
System memory in use before: 64.9 MB.
System memory in use after: 64.9 MB.

Unloading 14 unused Assets to reduce memory usage. Loaded Objects now: 1898.
Total: 1.681200 ms (FindLiveObjects: 0.138100 ms CreateObjectMapping: 0.043100 ms MarkObjects: 1.430600 ms  DeleteObjects: 0.068700 ms)

========================================================================
Received Import Request.
  Time since last request: 7858.083016 seconds.
  path: Assets/Brain.cs
  artifactKey: Guid(d28b4e5255e1231439981e5eb2d74fb9) Importer(815301076,1909f56bfc062723c751e8b465ee728b)
Start importing Assets/Brain.cs using Guid(d28b4e5255e1231439981e5eb2d74fb9) Importer(815301076,1909f56bfc062723c751e8b465ee728b)  -> (artifact id: '73b3d294b370321eaf2ce8e55baa7c40') in 0.005375 seconds
  Import took 0.007701 seconds .

========================================================================
Received Import Request.
  Time since last request: 0.025152 seconds.
  path: Assets/Brain.cs
  artifactKey: Guid(d28b4e5255e1231439981e5eb2d74fb9) Importer(815301076,1909f56bfc062723c751e8b465ee728b)
Start importing Assets/Brain.cs using Guid(d28b4e5255e1231439981e5eb2d74fb9) Importer(815301076,1909f56bfc062723c751e8b465ee728b)  -> (artifact id: '73b3d294b370321eaf2ce8e55baa7c40') in 0.001754 seconds
  Import took 0.003912 seconds .

========================================================================
Received Import Request.
  Time since last request: 3.538644 seconds.
  path: Assets/ANN.cs
  artifactKey: Guid(4ad46a99689cd0844a9160b1f90f1e67) Importer(815301076,1909f56bfc062723c751e8b465ee728b)
Start importing Assets/ANN.cs using Guid(4ad46a99689cd0844a9160b1f90f1e67) Importer(815301076,1909f56bfc062723c751e8b465ee728b)  -> (artifact id: '716144502fe76248202c501369d33654') in 0.005413 seconds
  Import took 0.007946 seconds .

========================================================================
Received Prepare
Registering precompiled user dll's ...
Registered in 0.002112 seconds.
Begin MonoManager ReloadAssembly
Native extension for Lumin target not found
Native extension for WindowsStandalone target not found
Native extension for WebGL target not found
Refreshing native plugins compatible for Editor in 0.27 ms, found 2 plugins.
Preloading 0 native plugins for Editor in 0.00 ms.
Mono: successfully reloaded assembly
- Completed reload, in  0.780 seconds
Platform modules already initialized, skipping
Refreshing native plugins compatible for Editor in 0.27 ms, found 2 plugins.
Preloading 0 native plugins for Editor in 0.00 ms.
Unloading 1385 Unused Serialized files (Serialized files now loaded: 0)
System memory in use before: 64.9 MB.
System memory in use after: 65.0 MB.

Unloading 14 unused Assets to reduce memory usage. Loaded Objects now: 1901.
Total: 1.709800 ms (FindLiveObjects: 0.131600 ms CreateObjectMapping: 0.049200 ms MarkObjects: 1.469900 ms  DeleteObjects: 0.058400 ms)

========================================================================
Received Import Request.
  Time since last request: 250.765608 seconds.
  path: Assets/ANN.cs
  artifactKey: Guid(4ad46a99689cd0844a9160b1f90f1e67) Importer(815301076,1909f56bfc062723c751e8b465ee728b)
Start importing Assets/ANN.cs using Guid(4ad46a99689cd0844a9160b1f90f1e67) Importer(815301076,1909f56bfc062723c751e8b465ee728b)  -> (artifact id: '9ec2de8196ad2e26aaa96eeb127b76a3') in 0.003745 seconds
  Import took 0.005742 seconds .

========================================================================
Received Import Request.
  Time since last request: 41.119653 seconds.
  path: Assets/FirstExample
  artifactKey: Guid(7a0d38dce77c46f40852038b689a9b7d) Importer(815301076,1909f56bfc062723c751e8b465ee728b)
Start importing Assets/FirstExample using Guid(7a0d38dce77c46f40852038b689a9b7d) Importer(815301076,1909f56bfc062723c751e8b465ee728b)  -> (artifact id: 'f830f7c2edc72dcc38be7238615c8b14') in 0.007282 seconds
  Import took 0.009929 seconds .

========================================================================
Received Import Request.
  Time since last request: 5.777690 seconds.
  path: Assets/Neuron.cs
  artifactKey: Guid(d21357b201295d6489220a6a1308b328) Importer(815301076,1909f56bfc062723c751e8b465ee728b)
Start importing Assets/Neuron.cs using Guid(d21357b201295d6489220a6a1308b328) Importer(815301076,1909f56bfc062723c751e8b465ee728b)  -> (artifact id: '09731e99426f4b260c3e0429b0049cfc') in 0.005154 seconds
  Import took 0.007210 seconds .

========================================================================
Received Import Request.
  Time since last request: 0.000355 seconds.
  path: Assets/Neuron.cs
  artifactKey: Guid(d21357b201295d6489220a6a1308b328) Importer(815301076,1909f56bfc062723c751e8b465ee728b)
Start importing Assets/Neuron.cs using Guid(d21357b201295d6489220a6a1308b328) Importer(815301076,1909f56bfc062723c751e8b465ee728b)  -> (artifact id: '09731e99426f4b260c3e0429b0049cfc') in 0.001738 seconds
  Import took 0.004196 seconds .

========================================================================
Received Prepare
Registering precompiled user dll's ...
Registered in 0.001803 seconds.
Begin MonoManager ReloadAssembly
Native extension for Lumin target not found
Native extension for WindowsStandalone target not found
Native extension for WebGL target not found
Refreshing native plugins compatible for Editor in 0.27 ms, found 2 plugins.
Preloading 0 native plugins for Editor in 0.00 ms.
Mono: successfully reloaded assembly
- Completed reload, in  0.815 seconds
Platform modules already initialized, skipping
Refreshing native plugins compatible for Editor in 0.27 ms, found 2 plugins.
Preloading 0 native plugins for Editor in 0.00 ms.
Unloading 1385 Unused Serialized files (Serialized files now loaded: 0)
System memory in use before: 64.9 MB.
System memory in use after: 65.0 MB.

Unloading 14 unused Assets to reduce memory usage. Loaded Objects now: 1904.
Total: 1.658800 ms (FindLiveObjects: 0.146100 ms CreateObjectMapping: 0.046200 ms MarkObjects: 1.420500 ms  DeleteObjects: 0.045100 ms)

========================================================================
Received Import Request.
  Time since last request: 15.346267 seconds.
  path: Assets/Scenes
  artifactKey: Guid(b095ab8c9f19d564596393954f73997c) Importer(815301076,1909f56bfc062723c751e8b465ee728b)
Start importing Assets/Scenes using Guid(b095ab8c9f19d564596393954f73997c) Importer(815301076,1909f56bfc062723c751e8b465ee728b)  -> (artifact id: '9c6b0feb0f72dbf239ccb006642d0df2') in 0.008557 seconds
  Import took 0.010577 seconds .

========================================================================
Received Import Request.
  Time since last request: 966.737776 seconds.
  path: Assets/1.2 PongStarter.zip
  artifactKey: Guid(4c5ce796af2e18a4c9a0c2cc52c93bcd) Importer(815301076,1909f56bfc062723c751e8b465ee728b)
Start importing Assets/1.2 PongStarter.zip using Guid(4c5ce796af2e18a4c9a0c2cc52c93bcd) Importer(815301076,1909f56bfc062723c751e8b465ee728b)  -> (artifact id: '29e6cf9c51bba447bafce2289d7fcf67') in 0.007494 seconds
  Import took 0.010281 seconds .

========================================================================
Received Import Request.
  Time since last request: 0.933115 seconds.
  path: Assets/1.2 PongStarter.zip/PongStarter
  artifactKey: Guid(01339eec8f227864b84747382c5a036e) Importer(815301076,1909f56bfc062723c751e8b465ee728b)
Start importing Assets/1.2 PongStarter.zip/PongStarter using Guid(01339eec8f227864b84747382c5a036e) Importer(815301076,1909f56bfc062723c751e8b465ee728b)  -> (artifact id: 'c36fcf90e7288b3854718f852b5bc844') in 0.006957 seconds
  Import took 0.009345 seconds .

========================================================================
Received Import Request.
  Time since last request: 1.176942 seconds.
  path: Assets/1.2 PongStarter.zip/PongStarter/PongStarter.unitypackage
  artifactKey: Guid(e5a6fce158bc44744b5f0bb07982024a) Importer(815301076,1909f56bfc062723c751e8b465ee728b)
Start importing Assets/1.2 PongStarter.zip/PongStarter/PongStarter.unitypackage using Guid(e5a6fce158bc44744b5f0bb07982024a) Importer(815301076,1909f56bfc062723c751e8b465ee728b)  -> (artifact id: '8a1718462bc879f5340db8c8b55b949e') in 0.036300 seconds
  Import took 0.038222 seconds .

========================================================================
Received Import Request.
  Time since last request: 31.072418 seconds.
  path: Assets/Pong.unity
  artifactKey: Guid(cef758dd161244f18b947b5be4507509) Importer(815301076,1909f56bfc062723c751e8b465ee728b)
Start importing Assets/Pong.unity using Guid(cef758dd161244f18b947b5be4507509) Importer(815301076,1909f56bfc062723c751e8b465ee728b)  -> (artifact id: 'de782fa7c8730ffdc04f7425db5ef682') in 0.006296 seconds
  Import took 0.008602 seconds .

========================================================================
Received Import Request.
  Time since last request: 52.554540 seconds.
  path: Assets/MoveBall.cs
  artifactKey: Guid(0a72a1f77853149a8bfcd88572f23958) Importer(815301076,1909f56bfc062723c751e8b465ee728b)
Start importing Assets/MoveBall.cs using Guid(0a72a1f77853149a8bfcd88572f23958) Importer(815301076,1909f56bfc062723c751e8b465ee728b)  -> (artifact id: '4e89dc06752f0ccde0542cbb7559f126') in 0.006516 seconds
  Import took 0.009312 seconds .

========================================================================
Received Import Request.
  Time since last request: 93.896427 seconds.
  path: Assets/Resources
  artifactKey: Guid(2abb06295e5da455bae9aca1d5503111) Importer(815301076,1909f56bfc062723c751e8b465ee728b)
Start importing Assets/Resources using Guid(2abb06295e5da455bae9aca1d5503111) Importer(815301076,1909f56bfc062723c751e8b465ee728b)  -> (artifact id: 'aede7d300eec8fc509b23138d416e0e3') in 0.008469 seconds
  Import took 0.010874 seconds .

========================================================================
Received Import Request.
  Time since last request: 0.042020 seconds.
  path: Assets/Resources/blip.wav
  artifactKey: Guid(a146e9f91be724e3e98f1f3b46781c34) Importer(815301076,1909f56bfc062723c751e8b465ee728b)
Start importing Assets/Resources/blip.wav using Guid(a146e9f91be724e3e98f1f3b46781c34) Importer(815301076,1909f56bfc062723c751e8b465ee728b)  -> (artifact id: '7ebf42dd92af469dbf6743ecac478094') in 0.101222 seconds
  Import took 0.103788 seconds .

========================================================================
Received Import Request.
  Time since last request: 0.000286 seconds.
  path: Assets/Resources/blop.wav
  artifactKey: Guid(7c489eb1895e9493ca75fafa3d76a455) Importer(815301076,1909f56bfc062723c751e8b465ee728b)
Start importing Assets/Resources/blop.wav using Guid(7c489eb1895e9493ca75fafa3d76a455) Importer(815301076,1909f56bfc062723c751e8b465ee728b)  -> (artifact id: '8034ecfb91502b6e7cbe3af4fc15a943') in 0.010137 seconds
  Import took 0.012546 seconds .

========================================================================
Received Import Request.
  Time since last request: 0.000261 seconds.
  path: Assets/Resources/Tennis-icon.png
  artifactKey: Guid(30f5a64f0f9de421a821392f62355331) Importer(815301076,1909f56bfc062723c751e8b465ee728b)
Start importing Assets/Resources/Tennis-icon.png using Guid(30f5a64f0f9de421a821392f62355331) Importer(815301076,1909f56bfc062723c751e8b465ee728b)  -> (artifact id: 'ae190fa6d9243c8c321147e30fd0aecc') in 0.034831 seconds
  Import took 0.037305 seconds .

========================================================================
Received Import Request.
  Time since last request: 0.000141 seconds.
  path: Assets/Resources/white.jpg
  artifactKey: Guid(d632a82769e8b4b738aba041547e64dd) Importer(815301076,1909f56bfc062723c751e8b465ee728b)
Start importing Assets/Resources/white.jpg using Guid(d632a82769e8b4b738aba041547e64dd) Importer(815301076,1909f56bfc062723c751e8b465ee728b)  -> (artifact id: '0ca3483baa3ad6ce8e388a3fab14c66c') in 0.014485 seconds
  Import took 0.017315 seconds .

========================================================================
Received Import Request.
  Time since last request: 0.000264 seconds.
  path: Assets/Resources/Bounce.physicsMaterial2D
  artifactKey: Guid(368fb944c5edd46958228b5e765fec4c) Importer(815301076,1909f56bfc062723c751e8b465ee728b)
Start importing Assets/Resources/Bounce.physicsMaterial2D using Guid(368fb944c5edd46958228b5e765fec4c) Importer(815301076,1909f56bfc062723c751e8b465ee728b)  -> (artifact id: 'f34ce350f2bed301b6e9de0a54121ab2') in 0.008402 seconds
  Import took 0.010669 seconds .

========================================================================
Received Import Request.
  Time since last request: 20.487419 seconds.
  path: Assets/ANN
  artifactKey: Guid(5d04ad61ddfc248568c95e508c5c0748) Importer(815301076,1909f56bfc062723c751e8b465ee728b)
Start importing Assets/ANN using Guid(5d04ad61ddfc248568c95e508c5c0748) Importer(815301076,1909f56bfc062723c751e8b465ee728b)  -> (artifact id: '141b472dbad34bc18ab9a907950b8cce') in 0.006956 seconds
  Import took 0.009218 seconds .

========================================================================
Received Import Request.
  Time since last request: 3.324372 seconds.
  path: Assets/ANN/ANN.cs
  artifactKey: Guid(098fdf32b1f3943a69d9caa371fd4648) Importer(815301076,1909f56bfc062723c751e8b465ee728b)
Start importing Assets/ANN/ANN.cs using Guid(098fdf32b1f3943a69d9caa371fd4648) Importer(815301076,1909f56bfc062723c751e8b465ee728b)  -> (artifact id: '5e0b4a1ab9328b72152fff18d520b2cf') in 0.002360 seconds
  Import took 0.004833 seconds .

========================================================================
Received Import Request.
  Time since last request: 0.002439 seconds.
  path: Assets/ANN/ANN.cs
  artifactKey: Guid(098fdf32b1f3943a69d9caa371fd4648) Importer(815301076,1909f56bfc062723c751e8b465ee728b)
Start importing Assets/ANN/ANN.cs using Guid(098fdf32b1f3943a69d9caa371fd4648) Importer(815301076,1909f56bfc062723c751e8b465ee728b)  -> (artifact id: '5e0b4a1ab9328b72152fff18d520b2cf') in 0.002037 seconds
  Import took 0.004106 seconds .

========================================================================
Received Import Request.
  Time since last request: 0.392646 seconds.
  path: Assets/ANN/Layer.cs
  artifactKey: Guid(2e2a431cd9b234820a0349b87d2917e2) Importer(815301076,1909f56bfc062723c751e8b465ee728b)
Start importing Assets/ANN/Layer.cs using Guid(2e2a431cd9b234820a0349b87d2917e2) Importer(815301076,1909f56bfc062723c751e8b465ee728b)  -> (artifact id: 'b366298fd336604bfe8604f934102e1f') in 0.006114 seconds
  Import took 0.009352 seconds .

========================================================================
Received Import Request.
  Time since last request: 0.000897 seconds.
  path: Assets/ANN/Layer.cs
  artifactKey: Guid(2e2a431cd9b234820a0349b87d2917e2) Importer(815301076,1909f56bfc062723c751e8b465ee728b)
Start importing Assets/ANN/Layer.cs using Guid(2e2a431cd9b234820a0349b87d2917e2) Importer(815301076,1909f56bfc062723c751e8b465ee728b)  -> (artifact id: 'b366298fd336604bfe8604f934102e1f') in 0.001857 seconds
  Import took 0.004087 seconds .

========================================================================
Received Import Request.
  Time since last request: 0.265913 seconds.
  path: Assets/ANN/Neuron.cs
  artifactKey: Guid(b6b61afa606304a198b94e088779fc4a) Importer(815301076,1909f56bfc062723c751e8b465ee728b)
Start importing Assets/ANN/Neuron.cs using Guid(b6b61afa606304a198b94e088779fc4a) Importer(815301076,1909f56bfc062723c751e8b465ee728b)  -> (artifact id: '9ef911ed909d344e5078964bc2584894') in 0.003047 seconds
  Import took 0.005403 seconds .

========================================================================
Received Import Request.
  Time since last request: 31.827973 seconds.
  path: Assets/ANN/ANN1.cs
  artifactKey: Guid(291fb6a67a980c94eb6b933185475a44) Importer(815301076,1909f56bfc062723c751e8b465ee728b)
Start importing Assets/ANN/ANN1.cs using Guid(291fb6a67a980c94eb6b933185475a44) Importer(815301076,1909f56bfc062723c751e8b465ee728b)  -> (artifact id: 'b10aaeec526039e68ba1a7c3b4c65cad') in 0.006441 seconds
  Import took 0.008944 seconds .

========================================================================
Received Import Request.
  Time since last request: 151.960160 seconds.
  path: Assets/ANN/ANN1.cs
  artifactKey: Guid(291fb6a67a980c94eb6b933185475a44) Importer(815301076,1909f56bfc062723c751e8b465ee728b)
Start importing Assets/ANN/ANN1.cs using Guid(291fb6a67a980c94eb6b933185475a44) Importer(815301076,1909f56bfc062723c751e8b465ee728b)  -> (artifact id: '6bbd32e82009a96f40981f69a1f4577c') in 0.001657 seconds
  Import took 0.004379 seconds .

========================================================================
Received Import Request.
  Time since last request: 38.003264 seconds.
  path: Assets/ANN/Neuron1.cs
  artifactKey: Guid(a49afd2df188aca4bbab986968283a15) Importer(815301076,1909f56bfc062723c751e8b465ee728b)
Start importing Assets/ANN/Neuron1.cs using Guid(a49afd2df188aca4bbab986968283a15) Importer(815301076,1909f56bfc062723c751e8b465ee728b)  -> (artifact id: '427a588cd3ea13f193bdae9138b40bb8') in 0.006117 seconds
  Import took 0.008697 seconds .

========================================================================
Received Import Request.
  Time since last request: 24.981540 seconds.
  path: Assets/ANN/Neuron1.cs
  artifactKey: Guid(a49afd2df188aca4bbab986968283a15) Importer(815301076,1909f56bfc062723c751e8b465ee728b)
Start importing Assets/ANN/Neuron1.cs using Guid(a49afd2df188aca4bbab986968283a15) Importer(815301076,1909f56bfc062723c751e8b465ee728b)  -> (artifact id: '7e7f0a6a20f523df2810db14eeba6463') in 0.001656 seconds
  Import took 0.003824 seconds .

========================================================================
Received Import Request.
  Time since last request: 11.858322 seconds.
  path: Assets/ANN/Layer1.cs
  artifactKey: Guid(46972520bf9423649a68db3a46c29219) Importer(815301076,1909f56bfc062723c751e8b465ee728b)
Start importing Assets/ANN/Layer1.cs using Guid(46972520bf9423649a68db3a46c29219) Importer(815301076,1909f56bfc062723c751e8b465ee728b)  -> (artifact id: 'f71f7745fd58e064b19ba7aeb20c6805') in 0.006970 seconds
  Import took 0.010522 seconds .

========================================================================
Received Import Request.
  Time since last request: 211.915312 seconds.
  path: Assets/ANN/Layer1.cs
  artifactKey: Guid(46972520bf9423649a68db3a46c29219) Importer(815301076,1909f56bfc062723c751e8b465ee728b)
Start importing Assets/ANN/Layer1.cs using Guid(46972520bf9423649a68db3a46c29219) Importer(815301076,1909f56bfc062723c751e8b465ee728b)  -> (artifact id: 'c4adccf64731839f614726570d672f88') in 0.002000 seconds
  Import took 0.004604 seconds .

========================================================================
Received Import Request.
  Time since last request: 1.393500 seconds.
  path: Assets/ANN/ANN1.cs
  artifactKey: Guid(291fb6a67a980c94eb6b933185475a44) Importer(815301076,1909f56bfc062723c751e8b465ee728b)
Start importing Assets/ANN/ANN1.cs using Guid(291fb6a67a980c94eb6b933185475a44) Importer(815301076,1909f56bfc062723c751e8b465ee728b)  -> (artifact id: '6d897b0ff49bd37bf0a9bba102df8ed0') in 0.002221 seconds
  Import took 0.004368 seconds .

========================================================================
Received Import Request.
  Time since last request: 0.001919 seconds.
  path: Assets/ANN/ANN1.cs
  artifactKey: Guid(291fb6a67a980c94eb6b933185475a44) Importer(815301076,1909f56bfc062723c751e8b465ee728b)
Start importing Assets/ANN/ANN1.cs using Guid(291fb6a67a980c94eb6b933185475a44) Importer(815301076,1909f56bfc062723c751e8b465ee728b)  -> (artifact id: '6d897b0ff49bd37bf0a9bba102df8ed0') in 0.002363 seconds
  Import took 0.004465 seconds .

========================================================================
Received Prepare
Registering precompiled user dll's ...
Registered in 0.002945 seconds.
Begin MonoManager ReloadAssembly
Native extension for Lumin target not found
Native extension for WindowsStandalone target not found
Native extension for WebGL target not found
Refreshing native plugins compatible for Editor in 0.29 ms, found 2 plugins.
Preloading 0 native plugins for Editor in 0.00 ms.
Mono: successfully reloaded assembly
- Completed reload, in  0.943 seconds
Platform modules already initialized, skipping
Refreshing native plugins compatible for Editor in 0.30 ms, found 2 plugins.
Preloading 0 native plugins for Editor in 0.00 ms.
Unloading 1389 Unused Serialized files (Serialized files now loaded: 0)
System memory in use before: 68.7 MB.
System memory in use after: 68.8 MB.

Unloading 14 unused Assets to reduce memory usage. Loaded Objects now: 1923.
Total: 1.644800 ms (FindLiveObjects: 0.144400 ms CreateObjectMapping: 0.044700 ms MarkObjects: 1.407200 ms  DeleteObjects: 0.047800 ms)

========================================================================
Received Prepare
Registering precompiled user dll's ...
Registered in 0.001999 seconds.
Begin MonoManager ReloadAssembly
Native extension for Lumin target not found
Native extension for WindowsStandalone target not found
Native extension for WebGL target not found
Refreshing native plugins compatible for Editor in 0.27 ms, found 2 plugins.
Preloading 0 native plugins for Editor in 0.00 ms.
Mono: successfully reloaded assembly
- Completed reload, in  0.768 seconds
Platform modules already initialized, skipping
Refreshing native plugins compatible for Editor in 0.27 ms, found 2 plugins.
Preloading 0 native plugins for Editor in 0.00 ms.
Unloading 1389 Unused Serialized files (Serialized files now loaded: 0)
System memory in use before: 68.7 MB.
System memory in use after: 68.8 MB.

Unloading 14 unused Assets to reduce memory usage. Loaded Objects now: 1926.
Total: 1.690400 ms (FindLiveObjects: 0.189900 ms CreateObjectMapping: 0.048100 ms MarkObjects: 1.409400 ms  DeleteObjects: 0.042200 ms)

========================================================================
Received Import Request.
  Time since last request: 192.390851 seconds.
  path: Assets/ANN/Neuron1.cs
  artifactKey: Guid(a49afd2df188aca4bbab986968283a15) Importer(815301076,1909f56bfc062723c751e8b465ee728b)
Start importing Assets/ANN/Neuron1.cs using Guid(a49afd2df188aca4bbab986968283a15) Importer(815301076,1909f56bfc062723c751e8b465ee728b)  -> (artifact id: 'e33ec6c0fb780ec5783e4af86442f35e') in 0.003565 seconds
  Import took 0.005443 seconds .

========================================================================
Received Import Request.
  Time since last request: 28.527726 seconds.
  path: ProjectSettings/TagManager.asset
  artifactKey: Guid(00000000000000003000000000000000) Importer(815301076,1909f56bfc062723c751e8b465ee728b)
Start importing ProjectSettings/TagManager.asset using Guid(00000000000000003000000000000000) Importer(815301076,1909f56bfc062723c751e8b465ee728b)  -> (artifact id: 'ce6a35c3cddc746e7501c0bd0ed6d4ce') in 0.013015 seconds
  Import took 0.015429 seconds .

========================================================================
Received Import Request.
  Time since last request: 0.003776 seconds.
  path: ProjectSettings/TagManager.asset
  artifactKey: Guid(00000000000000003000000000000000) Importer(815301076,1909f56bfc062723c751e8b465ee728b)
Start importing ProjectSettings/TagManager.asset using Guid(00000000000000003000000000000000) Importer(815301076,1909f56bfc062723c751e8b465ee728b)  -> (artifact id: 'ce6a35c3cddc746e7501c0bd0ed6d4ce') in 0.002087 seconds
  Import took 0.004062 seconds .

========================================================================
Received Prepare
Registering precompiled user dll's ...
Registered in 0.002236 seconds.
Begin MonoManager ReloadAssembly
Native extension for Lumin target not found
Native extension for WindowsStandalone target not found
Native extension for WebGL target not found
Refreshing native plugins compatible for Editor in 0.28 ms, found 2 plugins.
Preloading 0 native plugins for Editor in 0.00 ms.
Mono: successfully reloaded assembly
- Completed reload, in  0.798 seconds
Platform modules already initialized, skipping
Refreshing native plugins compatible for Editor in 0.27 ms, found 2 plugins.
Preloading 0 native plugins for Editor in 0.00 ms.
Unloading 1389 Unused Serialized files (Serialized files now loaded: 0)
System memory in use before: 68.8 MB.
System memory in use after: 68.8 MB.

Unloading 16 unused Assets to reduce memory usage. Loaded Objects now: 1929.
Total: 1.813100 ms (FindLiveObjects: 0.172400 ms CreateObjectMapping: 0.054600 ms MarkObjects: 1.537000 ms  DeleteObjects: 0.048000 ms)

========================================================================
Received Import Request.
  Time since last request: 415.156102 seconds.
  path: Assets/MoveBall.cs
  artifactKey: Guid(0a72a1f77853149a8bfcd88572f23958) Importer(815301076,1909f56bfc062723c751e8b465ee728b)
Start importing Assets/MoveBall.cs using Guid(0a72a1f77853149a8bfcd88572f23958) Importer(815301076,1909f56bfc062723c751e8b465ee728b)  -> (artifact id: '070200d341f1e1b658745cc5e440b32c') in 0.003880 seconds
  Import took 0.005906 seconds .

========================================================================
Received Prepare
Registering precompiled user dll's ...
Registered in 0.001929 seconds.
Begin MonoManager ReloadAssembly
Native extension for Lumin target not found
Native extension for WindowsStandalone target not found
Native extension for WebGL target not found
Refreshing native plugins compatible for Editor in 0.29 ms, found 2 plugins.
Preloading 0 native plugins for Editor in 0.00 ms.
Mono: successfully reloaded assembly
- Completed reload, in  0.762 seconds
Platform modules already initialized, skipping
Refreshing native plugins compatible for Editor in 0.27 ms, found 2 plugins.
Preloading 0 native plugins for Editor in 0.00 ms.
Unloading 1389 Unused Serialized files (Serialized files now loaded: 0)
System memory in use before: 68.8 MB.
System memory in use after: 68.8 MB.

Unloading 14 unused Assets to reduce memory usage. Loaded Objects now: 1932.
Total: 1.590800 ms (FindLiveObjects: 0.139300 ms CreateObjectMapping: 0.044800 ms MarkObjects: 1.365800 ms  DeleteObjects: 0.040000 ms)

========================================================================
Received Prepare
Registering precompiled user dll's ...
Registered in 0.001988 seconds.
Begin MonoManager ReloadAssembly
Native extension for Lumin target not found
Native extension for WindowsStandalone target not found
Native extension for WebGL target not found
Refreshing native plugins compatible for Editor in 0.29 ms, found 2 plugins.
Preloading 0 native plugins for Editor in 0.00 ms.
Mono: successfully reloaded assembly
- Completed reload, in  0.741 seconds
Platform modules already initialized, skipping
Refreshing native plugins compatible for Editor in 0.26 ms, found 2 plugins.
Preloading 0 native plugins for Editor in 0.00 ms.
Unloading 1389 Unused Serialized files (Serialized files now loaded: 0)
System memory in use before: 68.8 MB.
System memory in use after: 68.8 MB.

Unloading 14 unused Assets to reduce memory usage. Loaded Objects now: 1935.
Total: 1.608100 ms (FindLiveObjects: 0.139800 ms CreateObjectMapping: 0.043500 ms MarkObjects: 1.381000 ms  DeleteObjects: 0.043000 ms)

========================================================================
Received Import Request.
  Time since last request: 281.263433 seconds.
  path: Assets/Brain.cs
  artifactKey: Guid(4216d6cf492fbf045a66d8735450edef) Importer(815301076,1909f56bfc062723c751e8b465ee728b)
Start importing Assets/Brain.cs using Guid(4216d6cf492fbf045a66d8735450edef) Importer(815301076,1909f56bfc062723c751e8b465ee728b)  -> (artifact id: 'a4c4a60db47b6b127220d032ce0913d4') in 0.010042 seconds
  Import took 0.012899 seconds .

========================================================================
Received Prepare
Registering precompiled user dll's ...
Registered in 0.001987 seconds.
Begin MonoManager ReloadAssembly
Native extension for Lumin target not found
Native extension for WindowsStandalone target not found
Native extension for WebGL target not found
Refreshing native plugins compatible for Editor in 0.32 ms, found 2 plugins.
Preloading 0 native plugins for Editor in 0.00 ms.
Mono: successfully reloaded assembly
- Completed reload, in  0.819 seconds
Platform modules already initialized, skipping
Refreshing native plugins compatible for Editor in 0.27 ms, found 2 plugins.
Preloading 0 native plugins for Editor in 0.00 ms.
Unloading 1389 Unused Serialized files (Serialized files now loaded: 0)
System memory in use before: 68.8 MB.
System memory in use after: 68.8 MB.

Unloading 14 unused Assets to reduce memory usage. Loaded Objects now: 1938.
Total: 1.668100 ms (FindLiveObjects: 0.142200 ms CreateObjectMapping: 0.047000 ms MarkObjects: 1.436100 ms  DeleteObjects: 0.042200 ms)

========================================================================
Received Import Request.
  Time since last request: 17.300810 seconds.
  path: Assets/PongBrain.cs
  artifactKey: Guid(cafa249356fca074cbf8f914865838b8) Importer(815301076,1909f56bfc062723c751e8b465ee728b)
Start importing Assets/PongBrain.cs using Guid(cafa249356fca074cbf8f914865838b8) Importer(815301076,1909f56bfc062723c751e8b465ee728b)  -> (artifact id: '2ffc2da1aa5ce95d3b2203dabdaf0f79') in 0.008733 seconds
  Import took 0.012841 seconds .

========================================================================
Received Prepare
Registering precompiled user dll's ...
Registered in 0.001933 seconds.
Begin MonoManager ReloadAssembly
Native extension for Lumin target not found
Native extension for WindowsStandalone target not found
Native extension for WebGL target not found
Refreshing native plugins compatible for Editor in 0.59 ms, found 2 plugins.
Preloading 0 native plugins for Editor in 0.00 ms.
Mono: successfully reloaded assembly
- Completed reload, in  0.929 seconds
Platform modules already initialized, skipping
Refreshing native plugins compatible for Editor in 0.32 ms, found 2 plugins.
Preloading 0 native plugins for Editor in 0.00 ms.
Unloading 1390 Unused Serialized files (Serialized files now loaded: 0)
System memory in use before: 68.8 MB.
System memory in use after: 68.9 MB.

Unloading 14 unused Assets to reduce memory usage. Loaded Objects now: 1942.
Total: 1.880500 ms (FindLiveObjects: 0.155600 ms CreateObjectMapping: 0.052500 ms MarkObjects: 1.610900 ms  DeleteObjects: 0.060700 ms)

========================================================================
Received Prepare
Registering precompiled user dll's ...
Registered in 0.001936 seconds.
Begin MonoManager ReloadAssembly
Native extension for Lumin target not found
Native extension for WindowsStandalone target not found
Native extension for WebGL target not found
Refreshing native plugins compatible for Editor in 0.27 ms, found 2 plugins.
Preloading 0 native plugins for Editor in 0.00 ms.
Mono: successfully reloaded assembly
- Completed reload, in  0.797 seconds
Platform modules already initialized, skipping
Refreshing native plugins compatible for Editor in 0.27 ms, found 2 plugins.
Preloading 0 native plugins for Editor in 0.00 ms.
Unloading 1390 Unused Serialized files (Serialized files now loaded: 0)
System memory in use before: 68.8 MB.
System memory in use after: 68.9 MB.

Unloading 14 unused Assets to reduce memory usage. Loaded Objects now: 1945.
Total: 1.603700 ms (FindLiveObjects: 0.145000 ms CreateObjectMapping: 0.042900 ms MarkObjects: 1.369700 ms  DeleteObjects: 0.045400 ms)

========================================================================
Received Import Request.
  Time since last request: 472.371611 seconds.
  path: Assets/PongBrain.cs
  artifactKey: Guid(cafa249356fca074cbf8f914865838b8) Importer(815301076,1909f56bfc062723c751e8b465ee728b)
Start importing Assets/PongBrain.cs using Guid(cafa249356fca074cbf8f914865838b8) Importer(815301076,1909f56bfc062723c751e8b465ee728b)  -> (artifact id: '99e5e354f8bccf610ee8392a57f8e249') in 0.005347 seconds
  Import took 0.007236 seconds .

========================================================================
Received Prepare
Registering precompiled user dll's ...
Registered in 0.001921 seconds.
Begin MonoManager ReloadAssembly
Native extension for Lumin target not found
Native extension for WindowsStandalone target not found
Native extension for WebGL target not found
Refreshing native plugins compatible for Editor in 0.28 ms, found 2 plugins.
Preloading 0 native plugins for Editor in 0.00 ms.
Mono: successfully reloaded assembly
- Completed reload, in  0.747 seconds
Platform modules already initialized, skipping
Refreshing native plugins compatible for Editor in 0.26 ms, found 2 plugins.
Preloading 0 native plugins for Editor in 0.00 ms.
Unloading 1390 Unused Serialized files (Serialized files now loaded: 0)
System memory in use before: 68.8 MB.
System memory in use after: 68.9 MB.

Unloading 14 unused Assets to reduce memory usage. Loaded Objects now: 1948.
Total: 1.579600 ms (FindLiveObjects: 0.137500 ms CreateObjectMapping: 0.042100 ms MarkObjects: 1.323000 ms  DeleteObjects: 0.076200 ms)

========================================================================
Received Import Request.
  Time since last request: 956.136340 seconds.
  path: Assets/PongBrain.cs
  artifactKey: Guid(cafa249356fca074cbf8f914865838b8) Importer(815301076,1909f56bfc062723c751e8b465ee728b)
Start importing Assets/PongBrain.cs using Guid(cafa249356fca074cbf8f914865838b8) Importer(815301076,1909f56bfc062723c751e8b465ee728b)  -> (artifact id: 'e23b11ee289f4910360e880964d2ee7c') in 0.003951 seconds
  Import took 0.005735 seconds .

========================================================================
Received Import Request.
  Time since last request: 2.983743 seconds.
  path: Assets/ANN/ANN1.cs
  artifactKey: Guid(291fb6a67a980c94eb6b933185475a44) Importer(815301076,1909f56bfc062723c751e8b465ee728b)
Start importing Assets/ANN/ANN1.cs using Guid(291fb6a67a980c94eb6b933185475a44) Importer(815301076,1909f56bfc062723c751e8b465ee728b)  -> (artifact id: '6d33f98ed7d5a0645e224f36ec15fba6') in 0.002587 seconds
  Import took 0.005151 seconds .

========================================================================
Received Import Request.
  Time since last request: 0.002283 seconds.
  path: Assets/ANN/ANN1.cs
  artifactKey: Guid(291fb6a67a980c94eb6b933185475a44) Importer(815301076,1909f56bfc062723c751e8b465ee728b)
Start importing Assets/ANN/ANN1.cs using Guid(291fb6a67a980c94eb6b933185475a44) Importer(815301076,1909f56bfc062723c751e8b465ee728b)  -> (artifact id: '6d33f98ed7d5a0645e224f36ec15fba6') in 0.002384 seconds
  Import took 0.004443 seconds .

========================================================================
Received Prepare
Registering precompiled user dll's ...
Registered in 0.001780 seconds.
Begin MonoManager ReloadAssembly
Native extension for Lumin target not found
Native extension for WindowsStandalone target not found
Native extension for WebGL target not found
Refreshing native plugins compatible for Editor in 0.28 ms, found 2 plugins.
Preloading 0 native plugins for Editor in 0.00 ms.
Mono: successfully reloaded assembly
- Completed reload, in  0.782 seconds
Platform modules already initialized, skipping
Refreshing native plugins compatible for Editor in 0.49 ms, found 2 plugins.
Preloading 0 native plugins for Editor in 0.00 ms.
Unloading 1390 Unused Serialized files (Serialized files now loaded: 0)
System memory in use before: 68.8 MB.
System memory in use after: 68.9 MB.

Unloading 14 unused Assets to reduce memory usage. Loaded Objects now: 1951.
Total: 1.796500 ms (FindLiveObjects: 0.139800 ms CreateObjectMapping: 0.051300 ms MarkObjects: 1.556900 ms  DeleteObjects: 0.046600 ms)

========================================================================
Received Prepare
Registering precompiled user dll's ...
Registered in 0.001979 seconds.
Begin MonoManager ReloadAssembly
Native extension for Lumin target not found
Native extension for WindowsStandalone target not found
Native extension for WebGL target not found
Refreshing native plugins compatible for Editor in 0.27 ms, found 2 plugins.
Preloading 0 native plugins for Editor in 0.00 ms.
Mono: successfully reloaded assembly
- Completed reload, in  0.762 seconds
Platform modules already initialized, skipping
Refreshing native plugins compatible for Editor in 0.27 ms, found 2 plugins.
Preloading 0 native plugins for Editor in 0.00 ms.
Unloading 1390 Unused Serialized files (Serialized files now loaded: 0)
System memory in use before: 68.8 MB.
System memory in use after: 68.9 MB.

Unloading 14 unused Assets to reduce memory usage. Loaded Objects now: 1954.
Total: 1.696600 ms (FindLiveObjects: 0.150400 ms CreateObjectMapping: 0.044100 ms MarkObjects: 1.417000 ms  DeleteObjects: 0.084300 ms)

========================================================================
Received Prepare
Registering precompiled user dll's ...
Registered in 0.001906 seconds.
Begin MonoManager ReloadAssembly
Native extension for Lumin target not found
Native extension for WindowsStandalone target not found
Native extension for WebGL target not found
Refreshing native plugins compatible for Editor in 0.27 ms, found 2 plugins.
Preloading 0 native plugins for Editor in 0.00 ms.
Mono: successfully reloaded assembly
- Completed reload, in  0.751 seconds
Platform modules already initialized, skipping
Refreshing native plugins compatible for Editor in 0.27 ms, found 2 plugins.
Preloading 0 native plugins for Editor in 0.00 ms.
Unloading 1390 Unused Serialized files (Serialized files now loaded: 0)
System memory in use before: 68.8 MB.
System memory in use after: 68.9 MB.

Unloading 14 unused Assets to reduce memory usage. Loaded Objects now: 1957.
Total: 1.605300 ms (FindLiveObjects: 0.145700 ms CreateObjectMapping: 0.047900 ms MarkObjects: 1.370900 ms  DeleteObjects: 0.039900 ms)

========================================================================
Received Import Request.
  Time since last request: 959.498143 seconds.
  path: Assets/MoveBall.cs
  artifactKey: Guid(0a72a1f77853149a8bfcd88572f23958) Importer(815301076,1909f56bfc062723c751e8b465ee728b)
Start importing Assets/MoveBall.cs using Guid(0a72a1f77853149a8bfcd88572f23958) Importer(815301076,1909f56bfc062723c751e8b465ee728b)  -> (artifact id: 'a7dfb0001cff00cd6beddaedfc035c10') in 0.003992 seconds
  Import took 0.006095 seconds .

========================================================================
Received Import Request.
  Time since last request: 0.026068 seconds.
  path: Assets/MoveBall.cs
  artifactKey: Guid(0a72a1f77853149a8bfcd88572f23958) Importer(815301076,1909f56bfc062723c751e8b465ee728b)
Start importing Assets/MoveBall.cs using Guid(0a72a1f77853149a8bfcd88572f23958) Importer(815301076,1909f56bfc062723c751e8b465ee728b)  -> (artifact id: 'a7dfb0001cff00cd6beddaedfc035c10') in 0.001593 seconds
  Import took 0.003896 seconds .

========================================================================
Received Import Request.
  Time since last request: 2.152763 seconds.
  path: Assets/PongBrain.cs
  artifactKey: Guid(cafa249356fca074cbf8f914865838b8) Importer(815301076,1909f56bfc062723c751e8b465ee728b)
Start importing Assets/PongBrain.cs using Guid(cafa249356fca074cbf8f914865838b8) Importer(815301076,1909f56bfc062723c751e8b465ee728b)  -> (artifact id: '4ba0f680e27ef5a7f51a19543b3e4408') in 0.002426 seconds
  Import took 0.005036 seconds .

========================================================================
Received Import Request.
  Time since last request: 0.001390 seconds.
  path: Assets/PongBrain.cs
  artifactKey: Guid(cafa249356fca074cbf8f914865838b8) Importer(815301076,1909f56bfc062723c751e8b465ee728b)
Start importing Assets/PongBrain.cs using Guid(cafa249356fca074cbf8f914865838b8) Importer(815301076,1909f56bfc062723c751e8b465ee728b)  -> (artifact id: '4ba0f680e27ef5a7f51a19543b3e4408') in 0.001982 seconds
  Import took 0.004058 seconds .

========================================================================
Received Prepare
Registering precompiled user dll's ...
Registered in 0.002057 seconds.
Begin MonoManager ReloadAssembly
Native extension for Lumin target not found
Native extension for WindowsStandalone target not found
Native extension for WebGL target not found
Refreshing native plugins compatible for Editor in 0.26 ms, found 2 plugins.
Preloading 0 native plugins for Editor in 0.00 ms.
Mono: successfully reloaded assembly
- Completed reload, in  0.718 seconds
Platform modules already initialized, skipping
Refreshing native plugins compatible for Editor in 0.27 ms, found 2 plugins.
Preloading 0 native plugins for Editor in 0.00 ms.
Unloading 1390 Unused Serialized files (Serialized files now loaded: 0)
System memory in use before: 68.8 MB.
System memory in use after: 68.9 MB.

Unloading 14 unused Assets to reduce memory usage. Loaded Objects now: 1960.
Total: 1.564600 ms (FindLiveObjects: 0.136700 ms CreateObjectMapping: 0.043500 ms MarkObjects: 1.345000 ms  DeleteObjects: 0.038600 ms)

========================================================================
Received Prepare
Registering precompiled user dll's ...
Registered in 0.001927 seconds.
Begin MonoManager ReloadAssembly
Native extension for Lumin target not found
Native extension for WindowsStandalone target not found
Native extension for WebGL target not found
Refreshing native plugins compatible for Editor in 0.27 ms, found 2 plugins.
Preloading 0 native plugins for Editor in 0.00 ms.
Mono: successfully reloaded assembly
- Completed reload, in  0.740 seconds
Platform modules already initialized, skipping
Refreshing native plugins compatible for Editor in 0.26 ms, found 2 plugins.
Preloading 0 native plugins for Editor in 0.00 ms.
Unloading 1390 Unused Serialized files (Serialized files now loaded: 0)
System memory in use before: 68.8 MB.
System memory in use after: 68.9 MB.

Unloading 14 unused Assets to reduce memory usage. Loaded Objects now: 1963.
Total: 1.572000 ms (FindLiveObjects: 0.133800 ms CreateObjectMapping: 0.041000 ms MarkObjects: 1.342200 ms  DeleteObjects: 0.054200 ms)

========================================================================
Received Prepare
Registering precompiled user dll's ...
Registered in 0.001941 seconds.
Begin MonoManager ReloadAssembly
Native extension for Lumin target not found
Native extension for WindowsStandalone target not found
Native extension for WebGL target not found
Refreshing native plugins compatible for Editor in 0.28 ms, found 2 plugins.
Preloading 0 native plugins for Editor in 0.00 ms.
Mono: successfully reloaded assembly
- Completed reload, in  0.757 seconds
Platform modules already initialized, skipping
Refreshing native plugins compatible for Editor in 0.29 ms, found 2 plugins.
Preloading 0 native plugins for Editor in 0.00 ms.
Unloading 1390 Unused Serialized files (Serialized files now loaded: 0)
System memory in use before: 68.8 MB.
System memory in use after: 68.9 MB.

Unloading 14 unused Assets to reduce memory usage. Loaded Objects now: 1966.
Total: 2.288600 ms (FindLiveObjects: 0.217700 ms CreateObjectMapping: 0.084500 ms MarkObjects: 1.907500 ms  DeleteObjects: 0.078000 ms)

========================================================================
Received Prepare
Registering precompiled user dll's ...
Registered in 0.002137 seconds.
Begin MonoManager ReloadAssembly
Native extension for Lumin target not found
Native extension for WindowsStandalone target not found
Native extension for WebGL target not found
Refreshing native plugins compatible for Editor in 0.27 ms, found 2 plugins.
Preloading 0 native plugins for Editor in 0.00 ms.
Mono: successfully reloaded assembly
- Completed reload, in  0.782 seconds
Platform modules already initialized, skipping
Refreshing native plugins compatible for Editor in 0.25 ms, found 2 plugins.
Preloading 0 native plugins for Editor in 0.00 ms.
Unloading 1390 Unused Serialized files (Serialized files now loaded: 0)
System memory in use before: 68.8 MB.
System memory in use after: 68.9 MB.

Unloading 14 unused Assets to reduce memory usage. Loaded Objects now: 1969.
Total: 1.660600 ms (FindLiveObjects: 0.138600 ms CreateObjectMapping: 0.042200 ms MarkObjects: 1.405500 ms  DeleteObjects: 0.073700 ms)

========================================================================
Received Prepare
Registering precompiled user dll's ...
Registered in 0.001853 seconds.
Begin MonoManager ReloadAssembly
Native extension for Lumin target not found
Native extension for WindowsStandalone target not found
Native extension for WebGL target not found
Refreshing native plugins compatible for Editor in 0.28 ms, found 2 plugins.
Preloading 0 native plugins for Editor in 0.00 ms.
Mono: successfully reloaded assembly
- Completed reload, in  0.749 seconds
Platform modules already initialized, skipping
Refreshing native plugins compatible for Editor in 0.28 ms, found 2 plugins.
Preloading 0 native plugins for Editor in 0.00 ms.
Unloading 1390 Unused Serialized files (Serialized files now loaded: 0)
System memory in use before: 68.9 MB.
System memory in use after: 68.9 MB.

Unloading 14 unused Assets to reduce memory usage. Loaded Objects now: 1972.
Total: 1.571800 ms (FindLiveObjects: 0.133900 ms CreateObjectMapping: 0.041800 ms MarkObjects: 1.354400 ms  DeleteObjects: 0.041000 ms)

========================================================================
Received Prepare
Registering precompiled user dll's ...
Registered in 0.002044 seconds.
Begin MonoManager ReloadAssembly
Native extension for Lumin target not found
Native extension for WindowsStandalone target not found
Native extension for WebGL target not found
Refreshing native plugins compatible for Editor in 0.28 ms, found 2 plugins.
Preloading 0 native plugins for Editor in 0.00 ms.
Mono: successfully reloaded assembly
- Completed reload, in  0.754 seconds
Platform modules already initialized, skipping
Refreshing native plugins compatible for Editor in 0.25 ms, found 2 plugins.
Preloading 0 native plugins for Editor in 0.00 ms.
Unloading 1390 Unused Serialized files (Serialized files now loaded: 0)
System memory in use before: 68.9 MB.
System memory in use after: 68.9 MB.

Unloading 14 unused Assets to reduce memory usage. Loaded Objects now: 1975.
Total: 1.546500 ms (FindLiveObjects: 0.130900 ms CreateObjectMapping: 0.042700 ms MarkObjects: 1.299300 ms  DeleteObjects: 0.072800 ms)

========================================================================
Received Prepare
Registering precompiled user dll's ...
Registered in 0.001788 seconds.
Begin MonoManager ReloadAssembly
Native extension for Lumin target not found
Native extension for WindowsStandalone target not found
Native extension for WebGL target not found
Refreshing native plugins compatible for Editor in 0.28 ms, found 2 plugins.
Preloading 0 native plugins for Editor in 0.00 ms.
Mono: successfully reloaded assembly
- Completed reload, in  0.746 seconds
Platform modules already initialized, skipping
Refreshing native plugins compatible for Editor in 0.26 ms, found 2 plugins.
Preloading 0 native plugins for Editor in 0.00 ms.
Unloading 1390 Unused Serialized files (Serialized files now loaded: 0)
System memory in use before: 68.9 MB.
System memory in use after: 68.9 MB.

Unloading 14 unused Assets to reduce memory usage. Loaded Objects now: 1978.
Total: 1.594000 ms (FindLiveObjects: 0.138800 ms CreateObjectMapping: 0.043200 ms MarkObjects: 1.369100 ms  DeleteObjects: 0.042000 ms)

========================================================================
Received Prepare
Registering precompiled user dll's ...
Registered in 0.001885 seconds.
Begin MonoManager ReloadAssembly
Native extension for Lumin target not found
Native extension for WindowsStandalone target not found
Native extension for WebGL target not found
Refreshing native plugins compatible for Editor in 0.30 ms, found 2 plugins.
Preloading 0 native plugins for Editor in 0.00 ms.
Mono: successfully reloaded assembly
- Completed reload, in  0.770 seconds
Platform modules already initialized, skipping
Refreshing native plugins compatible for Editor in 0.27 ms, found 2 plugins.
Preloading 0 native plugins for Editor in 0.00 ms.
Unloading 1390 Unused Serialized files (Serialized files now loaded: 0)
System memory in use before: 68.9 MB.
System memory in use after: 69.0 MB.

Unloading 14 unused Assets to reduce memory usage. Loaded Objects now: 1981.
Total: 1.637700 ms (FindLiveObjects: 0.162800 ms CreateObjectMapping: 0.041800 ms MarkObjects: 1.392500 ms  DeleteObjects: 0.039800 ms)

